<?xml version="1.0" encoding="UTF-8"?>
<testng-results skipped="0" failed="0" ignored="0" total="1" passed="1">
  <reporter-output>
    <line>
      <![CDATA[No of rows in TCSheet::4    No of rows in TSSheet::10]]>
    </line>
    <line>
      <![CDATA[Login success::adminflow      http://primusbank.qedgetech.com/adminflow.aspx]]>
    </line>
    <line>
      <![CDATA[Logout success]]>
    </line>
    <line>
      <![CDATA[Login success::adminflow      http://primusbank.qedgetech.com/adminflow.aspx]]>
    </line>
    <line>
      <![CDATA[New Branch with id 120 created Sucessfully]]>
    </line>
    <line>
      <![CDATA[Logout success]]>
    </line>
    <line>
      <![CDATA[Login success::adminflow      http://primusbank.qedgetech.com/adminflow.aspx]]>
    </line>
    <line>
      <![CDATA[Branch updated Sucessfully]]>
    </line>
    <line>
      <![CDATA[Logout success]]>
    </line>
  </reporter-output>
  <suite name="FrameWork" duration-ms="66478" started-at="2022-08-13T16:54:19Z" finished-at="2022-08-13T16:55:26Z">
    <groups>
    </groups>
    <test name="HybridResults" duration-ms="66478" started-at="2022-08-13T16:54:19Z" finished-at="2022-08-13T16:55:26Z">
      <class name="driverFactory.DriverScript">
        <test-method status="PASS" signature="setUp()[pri:0, instance:driverFactory.DriverScript@604ed9f0]" name="setUp" is-config="true" duration-ms="18940" started-at="2022-08-13T16:54:01Z" finished-at="2022-08-13T16:54:19Z">
          <reporter-output>
          </reporter-output>
        </test-method> <!-- setUp -->
        <test-method status="PASS" signature="startTest()[pri:0, instance:driverFactory.DriverScript@604ed9f0]" name="startTest" duration-ms="66370" started-at="2022-08-13T16:54:20Z" finished-at="2022-08-13T16:55:26Z">
          <reporter-output>
            <line>
              <![CDATA[No of rows in TCSheet::4    No of rows in TSSheet::10]]>
            </line>
            <line>
              <![CDATA[Login success::adminflow      http://primusbank.qedgetech.com/adminflow.aspx]]>
            </line>
            <line>
              <![CDATA[Logout success]]>
            </line>
            <line>
              <![CDATA[Login success::adminflow      http://primusbank.qedgetech.com/adminflow.aspx]]>
            </line>
            <line>
              <![CDATA[New Branch with id 120 created Sucessfully]]>
            </line>
            <line>
              <![CDATA[Logout success]]>
            </line>
            <line>
              <![CDATA[Login success::adminflow      http://primusbank.qedgetech.com/adminflow.aspx]]>
            </line>
            <line>
              <![CDATA[Branch updated Sucessfully]]>
            </line>
            <line>
              <![CDATA[Logout success]]>
            </line>
          </reporter-output>
        </test-method> <!-- startTest -->
        <test-method status="PASS" signature="tearDown()[pri:0, instance:driverFactory.DriverScript@604ed9f0]" name="tearDown" is-config="true" duration-ms="4550" started-at="2022-08-13T16:55:26Z" finished-at="2022-08-13T16:55:31Z">
          <reporter-output>
          </reporter-output>
        </test-method> <!-- tearDown -->
      </class> <!-- driverFactory.DriverScript -->
    </test> <!-- HybridResults -->
  </suite> <!-- FrameWork -->
</testng-results>
